<?xml version="1.0" encoding="UTF-8"?>
<!-- Generated by org.testng.reporters.JUnitReportReporter -->
<testsuite hostname="YCSPC009" name="com.qa.test.WowoTest" tests="2" failures="0" timestamp="2 Dec 2020 12:31:54 GMT" time="8.183" errors="0">
  <testcase name="getUserTest" time="3.884" classname="com.qa.test.WowoTest"/>
  <testcase name="loginTest" time="4.299" classname="com.qa.test.WowoTest"/>
</testsuite> <!-- com.qa.test.WowoTest -->
