<?xml version="1.0" encoding="UTF-8"?>
<!-- Generated by org.testng.reporters.JUnitReportReporter -->
<testsuite hostname="YCSPC009" name="com.qa.test.TjTest" tests="2" failures="0" timestamp="20 Nov 2020 02:53:24 GMT" time="2.245" errors="0">
  <testcase name="getUserTest" time="1.022" classname="com.qa.test.TjTest"/>
  <testcase name="loginTest" time="1.223" classname="com.qa.test.TjTest"/>
</testsuite> <!-- com.qa.test.TjTest -->
