<?xml version="1.0" encoding="UTF-8"?>
<!-- Generated by org.testng.reporters.JUnitReportReporter -->
<testsuite hostname="YCSPC009" name="com.qa.test.WowoTest" tests="2" failures="0" timestamp="27 Nov 2020 07:51:28 GMT" time="9.378" errors="0">
  <testcase name="getUserTest" time="4.855" classname="com.qa.test.WowoTest"/>
  <testcase name="loginTest" time="4.523" classname="com.qa.test.WowoTest"/>
</testsuite> <!-- com.qa.test.WowoTest -->
