<?xml version="1.0" encoding="UTF-8"?>
<!-- Generated by org.testng.reporters.JUnitReportReporter -->
<testsuite hostname="YCSPC009" name="com.qa.test.WowoTest" tests="2" failures="0" timestamp="4 Dec 2020 07:12:22 GMT" time="6.928" errors="0">
  <testcase name="loginTest" time="3.249" classname="com.qa.test.WowoTest"/>
  <testcase name="getUserTest" time="3.679" classname="com.qa.test.WowoTest"/>
</testsuite> <!-- com.qa.test.WowoTest -->
