<?xml version="1.0" encoding="UTF-8"?>
<!-- Generated by org.testng.reporters.JUnitReportReporter -->
<testsuite hostname="YCSPC009" name="com.qa.test.WowoTest" tests="2" failures="0" timestamp="2 Dec 2020 12:33:49 GMT" time="7.564" errors="0">
  <testcase name="getUserTest" time="4.135" classname="com.qa.test.WowoTest"/>
  <testcase name="loginTest" time="3.429" classname="com.qa.test.WowoTest"/>
</testsuite> <!-- com.qa.test.WowoTest -->
